\BOOKMARK [1][-]{section*.1}{\376\377\000=\000D\000i\000f\000f\000e\000r\000e\000n\000t\000i\000a\000l\000g\000l\000e\000i\000c\000h\000u\000n\000g\000e\000n}{}% 1
\BOOKMARK [2][-]{subsection*.2}{\376\377\000\040\000L\000G\000S\000M\000\040\0001\000:\000\040\000S\000e\000p\000a\000r\000a\000t\000i\000o\000n\000\040\000d\000e\000r\000\040\000V\000a\000r\000i\000a\000b\000e\000l\000n\000\040}{section*.1}% 2
\BOOKMARK [2][-]{subsection*.3}{\376\377\000\040\000L\000G\000S\000M\000\040\0002\000:\000\040\000S\000y\000s\000t\000e\000m\000i\000s\000i\000e\000r\000u\000n\000g\000\040}{section*.1}% 3
\BOOKMARK [2][-]{subsection*.4}{\376\377\000\040\000L\000G\000S\000M\000\040\0003\000:\000\040\000V\000a\000r\000i\000a\000t\000i\000o\000n\000\040\000d\000e\000r\000\040\000K\000o\000n\000s\000t\000a\000n\000t\000e\000n\000\040}{section*.1}% 4
\BOOKMARK [2][-]{subsection*.5}{\376\377\000\040\000L\000G\000S\000M\000\040\0004\000:\000\040\000V\000a\000r\000i\000a\000t\000i\000o\000n\000\040\000d\000e\000r\000\040\000K\000o\000n\000s\000t\000a\000n\000t\000e\000n\000\040\000I\000I\000\040}{section*.1}% 5
\BOOKMARK [2][-]{subsection*.6}{\376\377\000\040\000L\000G\000S\000M\000\040\0005\000:\000\040\000C\000h\000a\000r\000a\000k\000t\000e\000r\000i\000s\000c\000h\000e\000s\000\040\000P\000o\000l\000y\000n\000o\000m\000\040}{section*.1}% 6
\BOOKMARK [2][-]{subsection*.7}{\376\377\000\040\000E\000d\000u\000c\000a\000t\000e\000d\000\040\000G\000u\000e\000s\000s\000\040}{section*.1}% 7
\BOOKMARK [2][-]{subsection*.8}{\376\377\000\040\000T\000h\000e\000o\000r\000e\000m\000e\000\040\000u\000n\000d\000\040\000D\000e\000f\000i\000n\000i\000t\000i\000o\000n\000e\000n\000\040}{section*.1}% 8
\BOOKMARK [1][-]{section*.9}{\376\377\000=\000D\000i\000f\000f\000e\000r\000e\000n\000z\000i\000a\000l\000r\000e\000c\000h\000n\000u\000n\000g}{}% 9
\BOOKMARK [2][-]{subsection*.10}{\376\377\000\040\000S\000t\000e\000t\000i\000g\000k\000e\000i\000t\000\040}{section*.9}% 10
\BOOKMARK [2][-]{subsection*.11}{\376\377\000\040\000L\000i\000m\000i\000t\000s\000\040}{section*.9}% 11
\BOOKMARK [2][-]{subsection*.12}{\376\377\000\040\000S\000e\000t\000s\000\040}{section*.9}% 12
\BOOKMARK [2][-]{subsection*.13}{\376\377\000\040\000A\000b\000l\000e\000i\000t\000u\000n\000g\000\040}{section*.9}% 13
\BOOKMARK [2][-]{subsection*.14}{\376\377\000\040\000T\000a\000y\000l\000o\000r\000p\000o\000l\000y\000n\000o\000m\000e\000\040}{section*.9}% 14
\BOOKMARK [2][-]{subsection*.15}{\376\377\000\040\000K\000r\000i\000t\000i\000s\000c\000h\000e\000\040\000P\000u\000n\000k\000t\000e\000\040}{section*.9}% 15
\BOOKMARK [2][-]{subsection*.16}{\376\377\000\040\000L\000a\000g\000r\000a\000n\000g\000e\000\040\000M\000u\000l\000t\000i\000p\000l\000i\000k\000a\000t\000o\000r\000e\000n\000\040}{section*.9}% 16
\BOOKMARK [2][-]{subsection*.17}{\376\377\000\040\000U\000m\000k\000e\000h\000r\000a\000b\000b\000i\000l\000d\000u\000n\000g\000\040}{section*.9}% 17
\BOOKMARK [1][-]{section*.18}{\376\377\000=\000I\000n\000t\000e\000g\000r\000a\000l\000r\000e\000c\000h\000n\000u\000n\000g}{}% 18
\BOOKMARK [2][-]{subsection*.19}{\376\377\000\040\000W\000e\000g\000i\000n\000t\000e\000g\000r\000a\000l\000e\000\040}{section*.18}% 19
\BOOKMARK [2][-]{subsection*.20}{\376\377\000\040\000R\000i\000e\000m\000a\000n\000n\000i\000n\000t\000e\000g\000r\000a\000l\000\040}{section*.18}% 20
\BOOKMARK [2][-]{subsection*.21}{\376\377\000\040\000U\000n\000e\000i\000g\000e\000n\000t\000l\000i\000c\000h\000e\000\040\000I\000n\000t\000e\000g\000r\000a\000l\000e\000\040}{section*.18}% 21
\BOOKMARK [2][-]{subsection*.22}{\376\377\000\040\000T\000r\000a\000n\000s\000f\000o\000r\000m\000a\000t\000i\000o\000n\000s\000f\000o\000r\000m\000e\000l\000\040}{section*.18}% 22
\BOOKMARK [2][-]{subsection*.23}{\376\377\000\040\000S\000c\000h\000w\000e\000r\000p\000u\000n\000k\000t\000b\000e\000r\000e\000c\000h\000n\000u\000n\000g\000\040}{section*.18}% 23
\BOOKMARK [2][-]{subsection*.24}{\376\377\000\040\000K\000o\000c\000h\000r\000e\000z\000e\000p\000t\000e\000\040\000I\000n\000t\000e\000g\000r\000a\000l\000\040}{section*.18}% 24
\BOOKMARK [1][-]{section*.25}{\376\377\000A\000n\000h\000a\000n\000g}{}% 25
\BOOKMARK [2][-]{subsection*.26}{\376\377\000T\000r\000i\000g\000o\000n\000o\000m\000e\000t\000r\000i\000e}{section*.25}% 26
\BOOKMARK [3][-]{subsubsection*.27}{\376\377\000P\000e\000r\000i\000o\000d\000i\000z\000i\000t\000\344\000t}{subsection*.26}% 27
\BOOKMARK [3][-]{subsubsection*.28}{\376\377\000P\000a\000r\000i\000t\000\344\000t}{subsection*.26}% 28
\BOOKMARK [3][-]{subsubsection*.29}{\376\377\000E\000r\000g\000\344\000n\000z\000u\000n\000g}{subsection*.26}% 29
\BOOKMARK [3][-]{subsubsection*.30}{\376\377\000K\000o\000m\000p\000l\000e\000m\000e\000n\000t\000e}{subsection*.26}% 30
\BOOKMARK [3][-]{subsubsection*.31}{\376\377\000D\000o\000p\000p\000e\000l\000w\000i\000n\000k\000e\000l}{subsection*.26}% 31
\BOOKMARK [3][-]{subsubsection*.32}{\376\377\000A\000d\000d\000i\000t\000i\000o\000n}{subsection*.26}% 32
\BOOKMARK [3][-]{subsubsection*.33}{\376\377\000S\000u\000b\000t\000r\000a\000k\000t\000i\000o\000n}{subsection*.26}% 33
\BOOKMARK [3][-]{subsubsection*.34}{\376\377\000M\000u\000l\000t\000i\000p\000l\000i\000k\000a\000t\000i\000o\000n}{subsection*.26}% 34
\BOOKMARK [3][-]{subsubsection*.35}{\376\377\000P\000o\000t\000e\000n\000z\000e\000n}{subsection*.26}% 35
\BOOKMARK [3][-]{subsubsection*.36}{\376\377\000R\000e\000d\000u\000k\000t\000i\000o\000n}{subsection*.26}% 36
\BOOKMARK [3][-]{subsubsection*.37}{\376\377\000D\000i\000v\000e\000r\000s\000e}{subsection*.26}% 37
\BOOKMARK [3][-]{subsubsection*.38}{\376\377\000W\000e\000r\000t\000e}{subsection*.26}% 38
\BOOKMARK [3][-]{subsubsection*.39}{\376\377\000D\000o\000m\000a\000i\000n}{subsection*.26}% 39
\BOOKMARK [2][-]{subsection*.40}{\376\377\000G\000r\000e\000n\000z\000w\000e\000r\000t\000e}{section*.25}% 40
\BOOKMARK [2][-]{subsection*.41}{\376\377\000R\000e\000i\000h\000e\000n}{section*.25}% 41
\BOOKMARK [2][-]{subsection*.42}{\376\377\000A\000b\000l\000e\000i\000t\000u\000n\000g\000e\000n}{section*.25}% 42
\BOOKMARK [3][-]{subsubsection*.43}{\376\377\000B\000e\000s\000o\000n\000d\000e\000r\000s\000\040\000h\000\344\000s\000s\000l\000i\000c\000h\000e\000\040\000A\000b\000l\000e\000i\000t\000u\000n\000g\000e\000n}{subsection*.42}% 43
\BOOKMARK [2][-]{subsection*.44}{\376\377\000I\000n\000t\000e\000g\000r\000a\000l\000e}{section*.25}% 44
